13:29:55 INFO  : Launching XSCT server: xsct.bat -n  -interactive C:\Users\hanchaa\Desktop\Korea_Univ_2022_1\COSE321\class_experiments_v21\temp_xsdb_launch_script.tcl
13:29:55 INFO  : Platform repository initialization has completed.
13:29:55 INFO  : Registering command handlers for Vitis TCF services
13:29:58 INFO  : XSCT server has started successfully.
13:29:58 INFO  : Successfully done setting XSCT server connection channel  
13:29:59 INFO  : plnx-install-location is set to ''
13:29:59 INFO  : Successfully done setting workspace for the tool. 
13:29:59 INFO  : Successfully done query RDI_DATADIR 
13:30:56 INFO  : Result from executing command 'getProjects': csd_platform
13:30:56 INFO  : Result from executing command 'getPlatforms': 
13:31:19 INFO  : Result from executing command 'getProjects': csd_platform
13:31:19 INFO  : Result from executing command 'getPlatforms': csd_platform|C:/Users/hanchaa/Desktop/Korea_Univ_2022_1/COSE321/class_experiments_v21/csd_platform/export/csd_platform/csd_platform.xpfm
13:36:54 INFO  : Result from executing command 'removePlatformRepo': 
13:37:19 INFO  : Result from executing command 'getProjects': csd_platform
13:37:19 INFO  : Result from executing command 'getPlatforms': 
13:37:19 INFO  : Checking for BSP changes to sync application flags for project 'csd_lab'...
20:55:55 INFO  : Launching XSCT server: xsct.bat -n  -interactive C:\Users\hanchaa\Desktop\Korea_Univ_2022_1\COSE321\class_experiments_v21\temp_xsdb_launch_script.tcl
20:55:58 INFO  : Platform repository initialization has completed.
20:55:58 INFO  : Registering command handlers for Vitis TCF services
20:55:58 INFO  : XSCT server has started successfully.
20:55:58 INFO  : Successfully done setting XSCT server connection channel  
20:55:58 INFO  : plnx-install-location is set to ''
20:56:00 INFO  : Successfully done setting workspace for the tool. 
20:56:00 INFO  : Successfully done query RDI_DATADIR 
21:13:16 INFO  : Checking for BSP changes to sync application flags for project 'csd_lab'...
21:15:31 INFO  : Checking for BSP changes to sync application flags for project 'csd_lab'...
21:15:34 ERROR : (XSDB Server)ERROR: [Hsi 55-1571] The design file C:/Users/hanchaa/Desktop/Korea_Univ_2022_1/COSE321/class_experiments_v21/csd_platform/export/csd_platform/hw/SoC_wrapper.xsa is already opened

21:18:38 INFO  : Connected to target on host '127.0.0.1' and port '3121'.
21:18:57 INFO  : ----------------XSDB Script----------------
connect -url tcp:127.0.0.1:3121
----------------End of Script----------------

21:18:57 ERROR : Could not find ARM device on the board for connection 'Local'.
Check if the target is in:
1. Split JTAG - No operations are possible with ARM DAP.
2. Non JTAG bootmode - Bootrom may need time to enable DAP.
Please try again.


Troubleshooting hints:
1. Check whether board is connected to system properly.
2. In case of zynq board, check whether Digilent/Xilinx cable switch settings are correct.
3. If you are using Xilinx Platform Cable USB, ensure that status LED is green.
21:19:58 INFO  : Connected to target on host '127.0.0.1' and port '3121'.
21:20:16 INFO  : ----------------XSDB Script----------------
connect -url tcp:127.0.0.1:3121
----------------End of Script----------------

21:20:16 ERROR : Could not find ARM device on the board for connection 'Local'.
Check if the target is in:
1. Split JTAG - No operations are possible with ARM DAP.
2. Non JTAG bootmode - Bootrom may need time to enable DAP.
Please try again.


Troubleshooting hints:
1. Check whether board is connected to system properly.
2. In case of zynq board, check whether Digilent/Xilinx cable switch settings are correct.
3. If you are using Xilinx Platform Cable USB, ensure that status LED is green.
21:20:48 INFO  : Connected to target on host '127.0.0.1' and port '3121'.
21:21:06 INFO  : ----------------XSDB Script----------------
connect -url tcp:127.0.0.1:3121
----------------End of Script----------------

21:21:06 ERROR : Could not find ARM device on the board for connection 'Local'.
Check if the target is in:
1. Split JTAG - No operations are possible with ARM DAP.
2. Non JTAG bootmode - Bootrom may need time to enable DAP.
Please try again.


Troubleshooting hints:
1. Check whether board is connected to system properly.
2. In case of zynq board, check whether Digilent/Xilinx cable switch settings are correct.
3. If you are using Xilinx Platform Cable USB, ensure that status LED is green.
21:24:01 INFO  : Connected to target on host '127.0.0.1' and port '3121'.
21:24:01 INFO  : Jtag cable 'Digilent Zed 210248764082' is selected.
21:24:01 INFO  : 'jtag frequency' command is executed.
21:24:01 INFO  : Context for 'APU' is selected.
21:24:01 INFO  : System reset is completed.
21:24:04 INFO  : 'after 3000' command is executed.
21:24:04 INFO  : 'targets -set -filter {jtag_cable_name =~ "Digilent Zed 210248764082" && level==0 && jtag_device_ctx=="jsn-Zed-210248764082-23727093-0"}' command is executed.
21:24:06 INFO  : Device configured successfully with "C:/Users/hanchaa/Desktop/Korea_Univ_2022_1/COSE321/class_experiments_v21/csd_lab/_ide/bitstream/SoC_wrapper.bit"
21:24:06 INFO  : Context for 'APU' is selected.
21:24:06 INFO  : Hardware design and registers information is loaded from 'C:/Users/hanchaa/Desktop/Korea_Univ_2022_1/COSE321/class_experiments_v21/csd_platform/export/csd_platform/hw/SoC_wrapper.xsa'.
21:24:06 INFO  : 'configparams force-mem-access 1' command is executed.
21:24:06 INFO  : Context for 'APU' is selected.
21:24:06 INFO  : Sourcing of 'C:/Users/hanchaa/Desktop/Korea_Univ_2022_1/COSE321/class_experiments_v21/csd_lab/_ide/psinit/ps7_init.tcl' is done.
21:24:07 INFO  : 'ps7_init' command is executed.
21:24:07 INFO  : 'ps7_post_config' command is executed.
21:24:07 INFO  : Context for processor 'ps7_cortexa9_0' is selected.
21:24:07 INFO  : The application 'C:/Users/hanchaa/Desktop/Korea_Univ_2022_1/COSE321/class_experiments_v21/csd_lab/Debug/csd_lab.elf' is downloaded to processor 'ps7_cortexa9_0'.
21:24:07 INFO  : 'configparams force-mem-access 0' command is executed.
21:24:07 INFO  : ----------------XSDB Script----------------
connect -url tcp:127.0.0.1:3121
targets -set -nocase -filter {name =~"APU*"}
rst -system
after 3000
targets -set -filter {jtag_cable_name =~ "Digilent Zed 210248764082" && level==0 && jtag_device_ctx=="jsn-Zed-210248764082-23727093-0"}
fpga -file C:/Users/hanchaa/Desktop/Korea_Univ_2022_1/COSE321/class_experiments_v21/csd_lab/_ide/bitstream/SoC_wrapper.bit
targets -set -nocase -filter {name =~"APU*"}
loadhw -hw C:/Users/hanchaa/Desktop/Korea_Univ_2022_1/COSE321/class_experiments_v21/csd_platform/export/csd_platform/hw/SoC_wrapper.xsa -mem-ranges [list {0x40000000 0xbfffffff}] -regs
configparams force-mem-access 1
targets -set -nocase -filter {name =~"APU*"}
source C:/Users/hanchaa/Desktop/Korea_Univ_2022_1/COSE321/class_experiments_v21/csd_lab/_ide/psinit/ps7_init.tcl
ps7_init
ps7_post_config
targets -set -nocase -filter {name =~ "*A9*#0"}
dow C:/Users/hanchaa/Desktop/Korea_Univ_2022_1/COSE321/class_experiments_v21/csd_lab/Debug/csd_lab.elf
configparams force-mem-access 0
----------------End of Script----------------

21:24:07 INFO  : Context for processor 'ps7_cortexa9_0' is selected.
21:24:07 INFO  : 'con' command is executed.
21:24:07 INFO  : ----------------XSDB Script (After Launch)----------------
targets -set -nocase -filter {name =~ "*A9*#0"}
con
----------------End of Script----------------

21:24:07 INFO  : Launch script is exported to file 'C:\Users\hanchaa\Desktop\Korea_Univ_2022_1\COSE321\class_experiments_v21\csd_lab_system\_ide\scripts\systemdebugger_csd_lab_system_standalone.tcl'
21:26:06 INFO  : Disconnected from the channel tcfchan#2.
21:30:10 INFO  : Result from executing command 'getProjects': csd_platform
21:30:10 INFO  : Result from executing command 'getPlatforms': csd_platform|C:/Users/hanchaa/Desktop/Korea_Univ_2022_1/COSE321/class_experiments_v21/csd_platform/export/csd_platform/csd_platform.xpfm
21:30:10 INFO  : Checking for BSP changes to sync application flags for project 'csd_lab'...
21:30:32 INFO  : Checking for BSP changes to sync application flags for project 'csd_lab'...
21:31:21 INFO  : Connected to target on host '127.0.0.1' and port '3121'.
21:31:22 INFO  : Jtag cable 'Digilent Zed 210248764082' is selected.
21:31:22 INFO  : 'jtag frequency' command is executed.
21:31:22 INFO  : Context for 'APU' is selected.
21:31:22 INFO  : System reset is completed.
21:31:25 INFO  : 'after 3000' command is executed.
21:31:25 INFO  : 'targets -set -filter {jtag_cable_name =~ "Digilent Zed 210248764082" && level==0 && jtag_device_ctx=="jsn-Zed-210248764082-23727093-0"}' command is executed.
21:31:27 INFO  : Device configured successfully with "C:/Users/hanchaa/Desktop/Korea_Univ_2022_1/COSE321/class_experiments_v21/csd_lab/_ide/bitstream/SoC_wrapper.bit"
21:31:27 INFO  : Context for 'APU' is selected.
21:31:27 INFO  : Hardware design and registers information is loaded from 'C:/Users/hanchaa/Desktop/Korea_Univ_2022_1/COSE321/class_experiments_v21/csd_platform/export/csd_platform/hw/SoC_wrapper.xsa'.
21:31:27 INFO  : 'configparams force-mem-access 1' command is executed.
21:31:27 INFO  : Context for 'APU' is selected.
21:31:27 INFO  : Sourcing of 'C:/Users/hanchaa/Desktop/Korea_Univ_2022_1/COSE321/class_experiments_v21/csd_lab/_ide/psinit/ps7_init.tcl' is done.
21:31:28 INFO  : 'ps7_init' command is executed.
21:31:28 INFO  : 'ps7_post_config' command is executed.
21:31:28 INFO  : Context for processor 'ps7_cortexa9_0' is selected.
21:31:28 INFO  : The application 'C:/Users/hanchaa/Desktop/Korea_Univ_2022_1/COSE321/class_experiments_v21/csd_lab/Debug/csd_lab.elf' is downloaded to processor 'ps7_cortexa9_0'.
21:31:28 INFO  : 'configparams force-mem-access 0' command is executed.
21:31:28 INFO  : ----------------XSDB Script----------------
connect -url tcp:127.0.0.1:3121
targets -set -nocase -filter {name =~"APU*"}
rst -system
after 3000
targets -set -filter {jtag_cable_name =~ "Digilent Zed 210248764082" && level==0 && jtag_device_ctx=="jsn-Zed-210248764082-23727093-0"}
fpga -file C:/Users/hanchaa/Desktop/Korea_Univ_2022_1/COSE321/class_experiments_v21/csd_lab/_ide/bitstream/SoC_wrapper.bit
targets -set -nocase -filter {name =~"APU*"}
loadhw -hw C:/Users/hanchaa/Desktop/Korea_Univ_2022_1/COSE321/class_experiments_v21/csd_platform/export/csd_platform/hw/SoC_wrapper.xsa -mem-ranges [list {0x40000000 0xbfffffff}] -regs
configparams force-mem-access 1
targets -set -nocase -filter {name =~"APU*"}
source C:/Users/hanchaa/Desktop/Korea_Univ_2022_1/COSE321/class_experiments_v21/csd_lab/_ide/psinit/ps7_init.tcl
ps7_init
ps7_post_config
targets -set -nocase -filter {name =~ "*A9*#0"}
dow C:/Users/hanchaa/Desktop/Korea_Univ_2022_1/COSE321/class_experiments_v21/csd_lab/Debug/csd_lab.elf
configparams force-mem-access 0
----------------End of Script----------------

21:31:28 INFO  : Context for processor 'ps7_cortexa9_0' is selected.
21:31:28 INFO  : 'con' command is executed.
21:31:28 INFO  : ----------------XSDB Script (After Launch)----------------
targets -set -nocase -filter {name =~ "*A9*#0"}
con
----------------End of Script----------------

21:31:28 INFO  : Launch script is exported to file 'C:\Users\hanchaa\Desktop\Korea_Univ_2022_1\COSE321\class_experiments_v21\csd_lab_system\_ide\scripts\systemdebugger_csd_lab_system_standalone.tcl'
21:32:41 INFO  : Disconnected from the channel tcfchan#5.
21:33:50 INFO  : Checking for BSP changes to sync application flags for project 'csd_lab'...
21:35:00 INFO  : Checking for BSP changes to sync application flags for project 'csd_lab'...
21:35:22 INFO  : Checking for BSP changes to sync application flags for project 'csd_lab'...
21:37:06 INFO  : Checking for BSP changes to sync application flags for project 'csd_lab'...
21:37:14 INFO  : Connected to target on host '127.0.0.1' and port '3121'.
21:37:15 INFO  : Jtag cable 'Digilent Zed 210248764082' is selected.
21:37:15 INFO  : 'jtag frequency' command is executed.
21:37:15 INFO  : Context for 'APU' is selected.
21:37:15 INFO  : System reset is completed.
21:37:18 INFO  : 'after 3000' command is executed.
21:37:18 INFO  : 'targets -set -filter {jtag_cable_name =~ "Digilent Zed 210248764082" && level==0 && jtag_device_ctx=="jsn-Zed-210248764082-23727093-0"}' command is executed.
21:37:21 INFO  : Device configured successfully with "C:/Users/hanchaa/Desktop/Korea_Univ_2022_1/COSE321/class_experiments_v21/csd_lab/_ide/bitstream/SoC_wrapper.bit"
21:37:21 INFO  : Context for 'APU' is selected.
21:37:21 INFO  : Hardware design and registers information is loaded from 'C:/Users/hanchaa/Desktop/Korea_Univ_2022_1/COSE321/class_experiments_v21/csd_platform/export/csd_platform/hw/SoC_wrapper.xsa'.
21:37:21 INFO  : 'configparams force-mem-access 1' command is executed.
21:37:21 INFO  : Context for 'APU' is selected.
21:37:21 INFO  : Sourcing of 'C:/Users/hanchaa/Desktop/Korea_Univ_2022_1/COSE321/class_experiments_v21/csd_lab/_ide/psinit/ps7_init.tcl' is done.
21:37:21 INFO  : 'ps7_init' command is executed.
21:37:21 INFO  : 'ps7_post_config' command is executed.
21:37:21 INFO  : Context for processor 'ps7_cortexa9_0' is selected.
21:37:21 INFO  : The application 'C:/Users/hanchaa/Desktop/Korea_Univ_2022_1/COSE321/class_experiments_v21/csd_lab/Debug/csd_lab.elf' is downloaded to processor 'ps7_cortexa9_0'.
21:37:21 INFO  : 'configparams force-mem-access 0' command is executed.
21:37:21 INFO  : ----------------XSDB Script----------------
connect -url tcp:127.0.0.1:3121
targets -set -nocase -filter {name =~"APU*"}
rst -system
after 3000
targets -set -filter {jtag_cable_name =~ "Digilent Zed 210248764082" && level==0 && jtag_device_ctx=="jsn-Zed-210248764082-23727093-0"}
fpga -file C:/Users/hanchaa/Desktop/Korea_Univ_2022_1/COSE321/class_experiments_v21/csd_lab/_ide/bitstream/SoC_wrapper.bit
targets -set -nocase -filter {name =~"APU*"}
loadhw -hw C:/Users/hanchaa/Desktop/Korea_Univ_2022_1/COSE321/class_experiments_v21/csd_platform/export/csd_platform/hw/SoC_wrapper.xsa -mem-ranges [list {0x40000000 0xbfffffff}] -regs
configparams force-mem-access 1
targets -set -nocase -filter {name =~"APU*"}
source C:/Users/hanchaa/Desktop/Korea_Univ_2022_1/COSE321/class_experiments_v21/csd_lab/_ide/psinit/ps7_init.tcl
ps7_init
ps7_post_config
targets -set -nocase -filter {name =~ "*A9*#0"}
dow C:/Users/hanchaa/Desktop/Korea_Univ_2022_1/COSE321/class_experiments_v21/csd_lab/Debug/csd_lab.elf
configparams force-mem-access 0
----------------End of Script----------------

21:37:21 INFO  : Context for processor 'ps7_cortexa9_0' is selected.
21:37:22 INFO  : 'con' command is executed.
21:37:22 INFO  : ----------------XSDB Script (After Launch)----------------
targets -set -nocase -filter {name =~ "*A9*#0"}
con
----------------End of Script----------------

21:37:22 INFO  : Launch script is exported to file 'C:\Users\hanchaa\Desktop\Korea_Univ_2022_1\COSE321\class_experiments_v21\csd_lab_system\_ide\scripts\systemdebugger_csd_lab_system_standalone.tcl'
21:38:12 INFO  : Disconnected from the channel tcfchan#10.
21:38:20 INFO  : Checking for BSP changes to sync application flags for project 'csd_lab'...
21:38:28 INFO  : Connected to target on host '127.0.0.1' and port '3121'.
21:38:29 INFO  : Jtag cable 'Digilent Zed 210248764082' is selected.
21:38:29 INFO  : 'jtag frequency' command is executed.
21:38:29 INFO  : Context for 'APU' is selected.
21:38:29 INFO  : System reset is completed.
21:38:32 INFO  : 'after 3000' command is executed.
21:38:32 INFO  : 'targets -set -filter {jtag_cable_name =~ "Digilent Zed 210248764082" && level==0 && jtag_device_ctx=="jsn-Zed-210248764082-23727093-0"}' command is executed.
21:38:34 INFO  : Device configured successfully with "C:/Users/hanchaa/Desktop/Korea_Univ_2022_1/COSE321/class_experiments_v21/csd_lab/_ide/bitstream/SoC_wrapper.bit"
21:38:34 INFO  : Context for 'APU' is selected.
21:38:34 INFO  : Hardware design and registers information is loaded from 'C:/Users/hanchaa/Desktop/Korea_Univ_2022_1/COSE321/class_experiments_v21/csd_platform/export/csd_platform/hw/SoC_wrapper.xsa'.
21:38:34 INFO  : 'configparams force-mem-access 1' command is executed.
21:38:34 INFO  : Context for 'APU' is selected.
21:38:34 INFO  : Sourcing of 'C:/Users/hanchaa/Desktop/Korea_Univ_2022_1/COSE321/class_experiments_v21/csd_lab/_ide/psinit/ps7_init.tcl' is done.
21:38:35 INFO  : 'ps7_init' command is executed.
21:38:35 INFO  : 'ps7_post_config' command is executed.
21:38:35 INFO  : Context for processor 'ps7_cortexa9_0' is selected.
21:38:35 INFO  : The application 'C:/Users/hanchaa/Desktop/Korea_Univ_2022_1/COSE321/class_experiments_v21/csd_lab/Debug/csd_lab.elf' is downloaded to processor 'ps7_cortexa9_0'.
21:38:35 INFO  : 'configparams force-mem-access 0' command is executed.
21:38:35 INFO  : ----------------XSDB Script----------------
connect -url tcp:127.0.0.1:3121
targets -set -nocase -filter {name =~"APU*"}
rst -system
after 3000
targets -set -filter {jtag_cable_name =~ "Digilent Zed 210248764082" && level==0 && jtag_device_ctx=="jsn-Zed-210248764082-23727093-0"}
fpga -file C:/Users/hanchaa/Desktop/Korea_Univ_2022_1/COSE321/class_experiments_v21/csd_lab/_ide/bitstream/SoC_wrapper.bit
targets -set -nocase -filter {name =~"APU*"}
loadhw -hw C:/Users/hanchaa/Desktop/Korea_Univ_2022_1/COSE321/class_experiments_v21/csd_platform/export/csd_platform/hw/SoC_wrapper.xsa -mem-ranges [list {0x40000000 0xbfffffff}] -regs
configparams force-mem-access 1
targets -set -nocase -filter {name =~"APU*"}
source C:/Users/hanchaa/Desktop/Korea_Univ_2022_1/COSE321/class_experiments_v21/csd_lab/_ide/psinit/ps7_init.tcl
ps7_init
ps7_post_config
targets -set -nocase -filter {name =~ "*A9*#0"}
dow C:/Users/hanchaa/Desktop/Korea_Univ_2022_1/COSE321/class_experiments_v21/csd_lab/Debug/csd_lab.elf
configparams force-mem-access 0
----------------End of Script----------------

21:38:35 INFO  : Context for processor 'ps7_cortexa9_0' is selected.
21:38:35 INFO  : 'con' command is executed.
21:38:35 INFO  : ----------------XSDB Script (After Launch)----------------
targets -set -nocase -filter {name =~ "*A9*#0"}
con
----------------End of Script----------------

21:38:35 INFO  : Launch script is exported to file 'C:\Users\hanchaa\Desktop\Korea_Univ_2022_1\COSE321\class_experiments_v21\csd_lab_system\_ide\scripts\systemdebugger_csd_lab_system_standalone.tcl'
21:41:21 INFO  : Disconnected from the channel tcfchan#12.
21:41:29 INFO  : Connected to target on host '127.0.0.1' and port '3121'.
21:41:30 INFO  : Jtag cable 'Digilent Zed 210248764082' is selected.
21:41:30 INFO  : 'jtag frequency' command is executed.
21:41:30 INFO  : Context for 'APU' is selected.
21:41:30 INFO  : System reset is completed.
21:41:33 INFO  : 'after 3000' command is executed.
21:41:33 INFO  : 'targets -set -filter {jtag_cable_name =~ "Digilent Zed 210248764082" && level==0 && jtag_device_ctx=="jsn-Zed-210248764082-23727093-0"}' command is executed.
21:41:35 INFO  : Device configured successfully with "C:/Users/hanchaa/Desktop/Korea_Univ_2022_1/COSE321/class_experiments_v21/csd_lab/_ide/bitstream/SoC_wrapper.bit"
21:41:35 INFO  : Context for 'APU' is selected.
21:41:35 INFO  : Hardware design and registers information is loaded from 'C:/Users/hanchaa/Desktop/Korea_Univ_2022_1/COSE321/class_experiments_v21/csd_platform/export/csd_platform/hw/SoC_wrapper.xsa'.
21:41:35 INFO  : 'configparams force-mem-access 1' command is executed.
21:41:35 INFO  : Context for 'APU' is selected.
21:41:35 INFO  : Sourcing of 'C:/Users/hanchaa/Desktop/Korea_Univ_2022_1/COSE321/class_experiments_v21/csd_lab/_ide/psinit/ps7_init.tcl' is done.
21:41:35 INFO  : 'ps7_init' command is executed.
21:41:35 INFO  : 'ps7_post_config' command is executed.
21:41:35 INFO  : Context for processor 'ps7_cortexa9_0' is selected.
21:41:35 INFO  : The application 'C:/Users/hanchaa/Desktop/Korea_Univ_2022_1/COSE321/class_experiments_v21/csd_lab/Debug/csd_lab.elf' is downloaded to processor 'ps7_cortexa9_0'.
21:41:35 INFO  : 'configparams force-mem-access 0' command is executed.
21:41:35 INFO  : ----------------XSDB Script----------------
connect -url tcp:127.0.0.1:3121
targets -set -nocase -filter {name =~"APU*"}
rst -system
after 3000
targets -set -filter {jtag_cable_name =~ "Digilent Zed 210248764082" && level==0 && jtag_device_ctx=="jsn-Zed-210248764082-23727093-0"}
fpga -file C:/Users/hanchaa/Desktop/Korea_Univ_2022_1/COSE321/class_experiments_v21/csd_lab/_ide/bitstream/SoC_wrapper.bit
targets -set -nocase -filter {name =~"APU*"}
loadhw -hw C:/Users/hanchaa/Desktop/Korea_Univ_2022_1/COSE321/class_experiments_v21/csd_platform/export/csd_platform/hw/SoC_wrapper.xsa -mem-ranges [list {0x40000000 0xbfffffff}] -regs
configparams force-mem-access 1
targets -set -nocase -filter {name =~"APU*"}
source C:/Users/hanchaa/Desktop/Korea_Univ_2022_1/COSE321/class_experiments_v21/csd_lab/_ide/psinit/ps7_init.tcl
ps7_init
ps7_post_config
targets -set -nocase -filter {name =~ "*A9*#0"}
dow C:/Users/hanchaa/Desktop/Korea_Univ_2022_1/COSE321/class_experiments_v21/csd_lab/Debug/csd_lab.elf
configparams force-mem-access 0
----------------End of Script----------------

21:41:36 INFO  : Context for processor 'ps7_cortexa9_0' is selected.
21:41:36 INFO  : 'con' command is executed.
21:41:36 INFO  : ----------------XSDB Script (After Launch)----------------
targets -set -nocase -filter {name =~ "*A9*#0"}
con
----------------End of Script----------------

21:41:36 INFO  : Launch script is exported to file 'C:\Users\hanchaa\Desktop\Korea_Univ_2022_1\COSE321\class_experiments_v21\csd_lab_system\_ide\scripts\systemdebugger_csd_lab_system_standalone.tcl'
21:41:55 INFO  : Disconnected from the channel tcfchan#13.
21:41:58 INFO  : Checking for BSP changes to sync application flags for project 'csd_lab'...
21:42:03 INFO  : Connected to target on host '127.0.0.1' and port '3121'.
21:42:04 INFO  : Jtag cable 'Digilent Zed 210248764082' is selected.
21:42:04 INFO  : 'jtag frequency' command is executed.
21:42:04 INFO  : Context for 'APU' is selected.
21:42:04 INFO  : System reset is completed.
21:42:07 INFO  : 'after 3000' command is executed.
21:42:07 INFO  : 'targets -set -filter {jtag_cable_name =~ "Digilent Zed 210248764082" && level==0 && jtag_device_ctx=="jsn-Zed-210248764082-23727093-0"}' command is executed.
21:42:09 INFO  : Device configured successfully with "C:/Users/hanchaa/Desktop/Korea_Univ_2022_1/COSE321/class_experiments_v21/csd_lab/_ide/bitstream/SoC_wrapper.bit"
21:42:09 INFO  : Context for 'APU' is selected.
21:42:09 INFO  : Hardware design and registers information is loaded from 'C:/Users/hanchaa/Desktop/Korea_Univ_2022_1/COSE321/class_experiments_v21/csd_platform/export/csd_platform/hw/SoC_wrapper.xsa'.
21:42:09 INFO  : 'configparams force-mem-access 1' command is executed.
21:42:09 INFO  : Context for 'APU' is selected.
21:42:09 INFO  : Sourcing of 'C:/Users/hanchaa/Desktop/Korea_Univ_2022_1/COSE321/class_experiments_v21/csd_lab/_ide/psinit/ps7_init.tcl' is done.
21:42:10 INFO  : 'ps7_init' command is executed.
21:42:10 INFO  : 'ps7_post_config' command is executed.
21:42:10 INFO  : Context for processor 'ps7_cortexa9_0' is selected.
21:42:10 INFO  : The application 'C:/Users/hanchaa/Desktop/Korea_Univ_2022_1/COSE321/class_experiments_v21/csd_lab/Debug/csd_lab.elf' is downloaded to processor 'ps7_cortexa9_0'.
21:42:10 INFO  : 'configparams force-mem-access 0' command is executed.
21:42:10 INFO  : ----------------XSDB Script----------------
connect -url tcp:127.0.0.1:3121
targets -set -nocase -filter {name =~"APU*"}
rst -system
after 3000
targets -set -filter {jtag_cable_name =~ "Digilent Zed 210248764082" && level==0 && jtag_device_ctx=="jsn-Zed-210248764082-23727093-0"}
fpga -file C:/Users/hanchaa/Desktop/Korea_Univ_2022_1/COSE321/class_experiments_v21/csd_lab/_ide/bitstream/SoC_wrapper.bit
targets -set -nocase -filter {name =~"APU*"}
loadhw -hw C:/Users/hanchaa/Desktop/Korea_Univ_2022_1/COSE321/class_experiments_v21/csd_platform/export/csd_platform/hw/SoC_wrapper.xsa -mem-ranges [list {0x40000000 0xbfffffff}] -regs
configparams force-mem-access 1
targets -set -nocase -filter {name =~"APU*"}
source C:/Users/hanchaa/Desktop/Korea_Univ_2022_1/COSE321/class_experiments_v21/csd_lab/_ide/psinit/ps7_init.tcl
ps7_init
ps7_post_config
targets -set -nocase -filter {name =~ "*A9*#0"}
dow C:/Users/hanchaa/Desktop/Korea_Univ_2022_1/COSE321/class_experiments_v21/csd_lab/Debug/csd_lab.elf
configparams force-mem-access 0
----------------End of Script----------------

21:42:10 INFO  : Context for processor 'ps7_cortexa9_0' is selected.
21:42:10 INFO  : 'con' command is executed.
21:42:10 INFO  : ----------------XSDB Script (After Launch)----------------
targets -set -nocase -filter {name =~ "*A9*#0"}
con
----------------End of Script----------------

21:42:10 INFO  : Launch script is exported to file 'C:\Users\hanchaa\Desktop\Korea_Univ_2022_1\COSE321\class_experiments_v21\csd_lab_system\_ide\scripts\systemdebugger_csd_lab_system_standalone.tcl'
21:46:27 INFO  : Disconnected from the channel tcfchan#15.
21:46:38 INFO  : Checking for BSP changes to sync application flags for project 'csd_lab'...
21:46:45 INFO  : Connected to target on host '127.0.0.1' and port '3121'.
21:46:46 INFO  : Jtag cable 'Digilent Zed 210248764082' is selected.
21:46:46 INFO  : 'jtag frequency' command is executed.
21:46:46 INFO  : Context for 'APU' is selected.
21:46:46 INFO  : System reset is completed.
21:46:49 INFO  : 'after 3000' command is executed.
21:46:49 INFO  : 'targets -set -filter {jtag_cable_name =~ "Digilent Zed 210248764082" && level==0 && jtag_device_ctx=="jsn-Zed-210248764082-23727093-0"}' command is executed.
21:46:52 INFO  : Device configured successfully with "C:/Users/hanchaa/Desktop/Korea_Univ_2022_1/COSE321/class_experiments_v21/csd_lab/_ide/bitstream/SoC_wrapper.bit"
21:46:52 INFO  : Context for 'APU' is selected.
21:46:52 INFO  : Hardware design and registers information is loaded from 'C:/Users/hanchaa/Desktop/Korea_Univ_2022_1/COSE321/class_experiments_v21/csd_platform/export/csd_platform/hw/SoC_wrapper.xsa'.
21:46:52 INFO  : 'configparams force-mem-access 1' command is executed.
21:46:52 INFO  : Context for 'APU' is selected.
21:46:52 INFO  : Sourcing of 'C:/Users/hanchaa/Desktop/Korea_Univ_2022_1/COSE321/class_experiments_v21/csd_lab/_ide/psinit/ps7_init.tcl' is done.
21:46:52 INFO  : 'ps7_init' command is executed.
21:46:52 INFO  : 'ps7_post_config' command is executed.
21:46:52 INFO  : Context for processor 'ps7_cortexa9_0' is selected.
21:46:52 INFO  : The application 'C:/Users/hanchaa/Desktop/Korea_Univ_2022_1/COSE321/class_experiments_v21/csd_lab/Debug/csd_lab.elf' is downloaded to processor 'ps7_cortexa9_0'.
21:46:52 INFO  : 'configparams force-mem-access 0' command is executed.
21:46:52 INFO  : ----------------XSDB Script----------------
connect -url tcp:127.0.0.1:3121
targets -set -nocase -filter {name =~"APU*"}
rst -system
after 3000
targets -set -filter {jtag_cable_name =~ "Digilent Zed 210248764082" && level==0 && jtag_device_ctx=="jsn-Zed-210248764082-23727093-0"}
fpga -file C:/Users/hanchaa/Desktop/Korea_Univ_2022_1/COSE321/class_experiments_v21/csd_lab/_ide/bitstream/SoC_wrapper.bit
targets -set -nocase -filter {name =~"APU*"}
loadhw -hw C:/Users/hanchaa/Desktop/Korea_Univ_2022_1/COSE321/class_experiments_v21/csd_platform/export/csd_platform/hw/SoC_wrapper.xsa -mem-ranges [list {0x40000000 0xbfffffff}] -regs
configparams force-mem-access 1
targets -set -nocase -filter {name =~"APU*"}
source C:/Users/hanchaa/Desktop/Korea_Univ_2022_1/COSE321/class_experiments_v21/csd_lab/_ide/psinit/ps7_init.tcl
ps7_init
ps7_post_config
targets -set -nocase -filter {name =~ "*A9*#0"}
dow C:/Users/hanchaa/Desktop/Korea_Univ_2022_1/COSE321/class_experiments_v21/csd_lab/Debug/csd_lab.elf
configparams force-mem-access 0
----------------End of Script----------------

21:46:52 INFO  : Context for processor 'ps7_cortexa9_0' is selected.
21:46:52 INFO  : 'con' command is executed.
21:46:52 INFO  : ----------------XSDB Script (After Launch)----------------
targets -set -nocase -filter {name =~ "*A9*#0"}
con
----------------End of Script----------------

21:46:52 INFO  : Launch script is exported to file 'C:\Users\hanchaa\Desktop\Korea_Univ_2022_1\COSE321\class_experiments_v21\csd_lab_system\_ide\scripts\systemdebugger_csd_lab_system_standalone.tcl'
21:49:56 INFO  : Disconnected from the channel tcfchan#17.
21:51:40 INFO  : Checking for BSP changes to sync application flags for project 'csd_lab'...
21:52:13 INFO  : Checking for BSP changes to sync application flags for project 'csd_lab'...
21:52:39 INFO  : Checking for BSP changes to sync application flags for project 'csd_lab'...
21:55:58 INFO  : Checking for BSP changes to sync application flags for project 'csd_lab'...
22:25:19 INFO  : Checking for BSP changes to sync application flags for project 'csd_lab'...
22:25:35 INFO  : Connected to target on host '127.0.0.1' and port '3121'.
22:25:53 INFO  : ----------------XSDB Script----------------
connect -url tcp:127.0.0.1:3121
----------------End of Script----------------

22:25:53 ERROR : Could not find ARM device on the board for connection 'Local'.
Check if the target is in:
1. Split JTAG - No operations are possible with ARM DAP.
2. Non JTAG bootmode - Bootrom may need time to enable DAP.
Please try again.


Troubleshooting hints:
1. Check whether board is connected to system properly.
2. In case of zynq board, check whether Digilent/Xilinx cable switch settings are correct.
3. If you are using Xilinx Platform Cable USB, ensure that status LED is green.
22:26:22 INFO  : Connected to target on host '127.0.0.1' and port '3121'.
22:26:23 INFO  : Jtag cable 'Digilent Zed 210248764082' is selected.
22:26:23 INFO  : 'jtag frequency' command is executed.
22:26:23 INFO  : Context for 'APU' is selected.
22:26:23 INFO  : System reset is completed.
22:26:26 INFO  : 'after 3000' command is executed.
22:26:26 INFO  : 'targets -set -filter {jtag_cable_name =~ "Digilent Zed 210248764082" && level==0 && jtag_device_ctx=="jsn-Zed-210248764082-23727093-0"}' command is executed.
22:26:28 INFO  : Device configured successfully with "C:/Users/hanchaa/Desktop/Korea_Univ_2022_1/COSE321/class_experiments_v21/csd_lab/_ide/bitstream/SoC_wrapper.bit"
22:26:28 INFO  : Context for 'APU' is selected.
22:26:28 INFO  : Hardware design and registers information is loaded from 'C:/Users/hanchaa/Desktop/Korea_Univ_2022_1/COSE321/class_experiments_v21/csd_platform/export/csd_platform/hw/SoC_wrapper.xsa'.
22:26:28 INFO  : 'configparams force-mem-access 1' command is executed.
22:26:28 INFO  : Context for 'APU' is selected.
22:26:28 INFO  : Sourcing of 'C:/Users/hanchaa/Desktop/Korea_Univ_2022_1/COSE321/class_experiments_v21/csd_lab/_ide/psinit/ps7_init.tcl' is done.
22:26:28 INFO  : 'ps7_init' command is executed.
22:26:28 INFO  : 'ps7_post_config' command is executed.
22:26:28 INFO  : Context for processor 'ps7_cortexa9_0' is selected.
22:26:28 INFO  : The application 'C:/Users/hanchaa/Desktop/Korea_Univ_2022_1/COSE321/class_experiments_v21/csd_lab/Debug/csd_lab.elf' is downloaded to processor 'ps7_cortexa9_0'.
22:26:28 INFO  : 'configparams force-mem-access 0' command is executed.
22:26:28 INFO  : ----------------XSDB Script----------------
connect -url tcp:127.0.0.1:3121
targets -set -nocase -filter {name =~"APU*"}
rst -system
after 3000
targets -set -filter {jtag_cable_name =~ "Digilent Zed 210248764082" && level==0 && jtag_device_ctx=="jsn-Zed-210248764082-23727093-0"}
fpga -file C:/Users/hanchaa/Desktop/Korea_Univ_2022_1/COSE321/class_experiments_v21/csd_lab/_ide/bitstream/SoC_wrapper.bit
targets -set -nocase -filter {name =~"APU*"}
loadhw -hw C:/Users/hanchaa/Desktop/Korea_Univ_2022_1/COSE321/class_experiments_v21/csd_platform/export/csd_platform/hw/SoC_wrapper.xsa -mem-ranges [list {0x40000000 0xbfffffff}] -regs
configparams force-mem-access 1
targets -set -nocase -filter {name =~"APU*"}
source C:/Users/hanchaa/Desktop/Korea_Univ_2022_1/COSE321/class_experiments_v21/csd_lab/_ide/psinit/ps7_init.tcl
ps7_init
ps7_post_config
targets -set -nocase -filter {name =~ "*A9*#0"}
dow C:/Users/hanchaa/Desktop/Korea_Univ_2022_1/COSE321/class_experiments_v21/csd_lab/Debug/csd_lab.elf
configparams force-mem-access 0
----------------End of Script----------------

22:26:29 INFO  : Context for processor 'ps7_cortexa9_0' is selected.
22:26:29 INFO  : 'con' command is executed.
22:26:29 INFO  : ----------------XSDB Script (After Launch)----------------
targets -set -nocase -filter {name =~ "*A9*#0"}
con
----------------End of Script----------------

22:26:29 INFO  : Launch script is exported to file 'C:\Users\hanchaa\Desktop\Korea_Univ_2022_1\COSE321\class_experiments_v21\csd_lab_system\_ide\scripts\systemdebugger_csd_lab_system_standalone.tcl'
22:30:19 INFO  : Disconnected from the channel tcfchan#20.
22:30:44 INFO  : Checking for BSP changes to sync application flags for project 'csd_lab'...
22:30:59 INFO  : Connected to target on host '127.0.0.1' and port '3121'.
22:31:00 INFO  : Jtag cable 'Digilent Zed 210248764082' is selected.
22:31:00 INFO  : 'jtag frequency' command is executed.
22:31:00 INFO  : Context for 'APU' is selected.
22:31:00 INFO  : System reset is completed.
22:31:03 INFO  : 'after 3000' command is executed.
22:31:03 INFO  : 'targets -set -filter {jtag_cable_name =~ "Digilent Zed 210248764082" && level==0 && jtag_device_ctx=="jsn-Zed-210248764082-23727093-0"}' command is executed.
22:31:06 INFO  : Device configured successfully with "C:/Users/hanchaa/Desktop/Korea_Univ_2022_1/COSE321/class_experiments_v21/csd_lab/_ide/bitstream/SoC_wrapper.bit"
22:31:06 INFO  : Context for 'APU' is selected.
22:31:06 INFO  : Hardware design and registers information is loaded from 'C:/Users/hanchaa/Desktop/Korea_Univ_2022_1/COSE321/class_experiments_v21/csd_platform/export/csd_platform/hw/SoC_wrapper.xsa'.
22:31:06 INFO  : 'configparams force-mem-access 1' command is executed.
22:31:06 INFO  : Context for 'APU' is selected.
22:31:06 INFO  : Sourcing of 'C:/Users/hanchaa/Desktop/Korea_Univ_2022_1/COSE321/class_experiments_v21/csd_lab/_ide/psinit/ps7_init.tcl' is done.
22:31:06 INFO  : 'ps7_init' command is executed.
22:31:06 INFO  : 'ps7_post_config' command is executed.
22:31:06 INFO  : Context for processor 'ps7_cortexa9_0' is selected.
22:31:06 INFO  : The application 'C:/Users/hanchaa/Desktop/Korea_Univ_2022_1/COSE321/class_experiments_v21/csd_lab/Debug/csd_lab.elf' is downloaded to processor 'ps7_cortexa9_0'.
22:31:06 INFO  : 'configparams force-mem-access 0' command is executed.
22:31:06 INFO  : ----------------XSDB Script----------------
connect -url tcp:127.0.0.1:3121
targets -set -nocase -filter {name =~"APU*"}
rst -system
after 3000
targets -set -filter {jtag_cable_name =~ "Digilent Zed 210248764082" && level==0 && jtag_device_ctx=="jsn-Zed-210248764082-23727093-0"}
fpga -file C:/Users/hanchaa/Desktop/Korea_Univ_2022_1/COSE321/class_experiments_v21/csd_lab/_ide/bitstream/SoC_wrapper.bit
targets -set -nocase -filter {name =~"APU*"}
loadhw -hw C:/Users/hanchaa/Desktop/Korea_Univ_2022_1/COSE321/class_experiments_v21/csd_platform/export/csd_platform/hw/SoC_wrapper.xsa -mem-ranges [list {0x40000000 0xbfffffff}] -regs
configparams force-mem-access 1
targets -set -nocase -filter {name =~"APU*"}
source C:/Users/hanchaa/Desktop/Korea_Univ_2022_1/COSE321/class_experiments_v21/csd_lab/_ide/psinit/ps7_init.tcl
ps7_init
ps7_post_config
targets -set -nocase -filter {name =~ "*A9*#0"}
dow C:/Users/hanchaa/Desktop/Korea_Univ_2022_1/COSE321/class_experiments_v21/csd_lab/Debug/csd_lab.elf
configparams force-mem-access 0
----------------End of Script----------------

22:31:06 INFO  : Context for processor 'ps7_cortexa9_0' is selected.
22:31:06 INFO  : 'con' command is executed.
22:31:06 INFO  : ----------------XSDB Script (After Launch)----------------
targets -set -nocase -filter {name =~ "*A9*#0"}
con
----------------End of Script----------------

22:31:06 INFO  : Launch script is exported to file 'C:\Users\hanchaa\Desktop\Korea_Univ_2022_1\COSE321\class_experiments_v21\csd_lab_system\_ide\scripts\systemdebugger_csd_lab_system_standalone.tcl'
22:31:23 INFO  : Disconnected from the channel tcfchan#22.
22:31:45 INFO  : Connected to target on host '127.0.0.1' and port '3121'.
22:31:46 INFO  : Jtag cable 'Digilent Zed 210248764082' is selected.
22:31:46 INFO  : 'jtag frequency' command is executed.
22:31:46 INFO  : Context for 'APU' is selected.
22:31:46 INFO  : System reset is completed.
22:31:49 INFO  : 'after 3000' command is executed.
22:31:49 INFO  : 'targets -set -filter {jtag_cable_name =~ "Digilent Zed 210248764082" && level==0 && jtag_device_ctx=="jsn-Zed-210248764082-23727093-0"}' command is executed.
22:31:52 INFO  : Device configured successfully with "C:/Users/hanchaa/Desktop/Korea_Univ_2022_1/COSE321/class_experiments_v21/csd_lab/_ide/bitstream/SoC_wrapper.bit"
22:31:52 INFO  : Context for 'APU' is selected.
22:31:52 INFO  : Hardware design and registers information is loaded from 'C:/Users/hanchaa/Desktop/Korea_Univ_2022_1/COSE321/class_experiments_v21/csd_platform/export/csd_platform/hw/SoC_wrapper.xsa'.
22:31:52 INFO  : 'configparams force-mem-access 1' command is executed.
22:31:52 INFO  : Context for 'APU' is selected.
22:31:52 INFO  : Sourcing of 'C:/Users/hanchaa/Desktop/Korea_Univ_2022_1/COSE321/class_experiments_v21/csd_lab/_ide/psinit/ps7_init.tcl' is done.
22:31:52 INFO  : 'ps7_init' command is executed.
22:31:52 INFO  : 'ps7_post_config' command is executed.
22:31:52 INFO  : Context for processor 'ps7_cortexa9_0' is selected.
22:31:52 INFO  : The application 'C:/Users/hanchaa/Desktop/Korea_Univ_2022_1/COSE321/class_experiments_v21/csd_lab/Debug/csd_lab.elf' is downloaded to processor 'ps7_cortexa9_0'.
22:31:52 INFO  : 'configparams force-mem-access 0' command is executed.
22:31:52 INFO  : ----------------XSDB Script----------------
connect -url tcp:127.0.0.1:3121
targets -set -nocase -filter {name =~"APU*"}
rst -system
after 3000
targets -set -filter {jtag_cable_name =~ "Digilent Zed 210248764082" && level==0 && jtag_device_ctx=="jsn-Zed-210248764082-23727093-0"}
fpga -file C:/Users/hanchaa/Desktop/Korea_Univ_2022_1/COSE321/class_experiments_v21/csd_lab/_ide/bitstream/SoC_wrapper.bit
targets -set -nocase -filter {name =~"APU*"}
loadhw -hw C:/Users/hanchaa/Desktop/Korea_Univ_2022_1/COSE321/class_experiments_v21/csd_platform/export/csd_platform/hw/SoC_wrapper.xsa -mem-ranges [list {0x40000000 0xbfffffff}] -regs
configparams force-mem-access 1
targets -set -nocase -filter {name =~"APU*"}
source C:/Users/hanchaa/Desktop/Korea_Univ_2022_1/COSE321/class_experiments_v21/csd_lab/_ide/psinit/ps7_init.tcl
ps7_init
ps7_post_config
targets -set -nocase -filter {name =~ "*A9*#0"}
dow C:/Users/hanchaa/Desktop/Korea_Univ_2022_1/COSE321/class_experiments_v21/csd_lab/Debug/csd_lab.elf
configparams force-mem-access 0
----------------End of Script----------------

22:31:52 INFO  : Context for processor 'ps7_cortexa9_0' is selected.
22:31:52 INFO  : 'con' command is executed.
22:31:52 INFO  : ----------------XSDB Script (After Launch)----------------
targets -set -nocase -filter {name =~ "*A9*#0"}
con
----------------End of Script----------------

22:31:52 INFO  : Launch script is exported to file 'C:\Users\hanchaa\Desktop\Korea_Univ_2022_1\COSE321\class_experiments_v21\csd_lab_system\_ide\scripts\systemdebugger_csd_lab_system_standalone.tcl'
22:39:25 INFO  : Disconnected from the channel tcfchan#23.
